<?xml version="1.0" encoding="UTF-8"?>
<coverage generated="1753543541946" clover="3.2.0">
  <project timestamp="1753543541946" name="All files">
    <metrics statements="48" coveredstatements="34" conditionals="22" coveredconditionals="16" methods="14" coveredmethods="9" elements="84" coveredelements="59" complexity="0" loc="48" ncloc="48" packages="3" files="4" classes="4"/>
    <package name="src">
      <metrics statements="2" coveredstatements="0" conditionals="0" coveredconditionals="0" methods="1" coveredmethods="0"/>
      <file name="App.tsx" path="/Users/tiagoschmidt/git/dice-roller/src/App.tsx">
        <metrics statements="1" coveredstatements="0" conditionals="0" coveredconditionals="0" methods="1" coveredmethods="0"/>
        <line num="5" count="0" type="stmt"/>
      </file>
      <file name="main.tsx" path="/Users/tiagoschmidt/git/dice-roller/src/main.tsx">
        <metrics statements="1" coveredstatements="0" conditionals="0" coveredconditionals="0" methods="0" coveredmethods="0"/>
        <line num="5" count="0" type="stmt"/>
      </file>
    </package>
    <package name="src.components.ThemeSelector">
      <metrics statements="12" coveredstatements="0" conditionals="4" coveredconditionals="0" methods="4" coveredmethods="0"/>
      <file name="index.tsx" path="/Users/tiagoschmidt/git/dice-roller/src/components/ThemeSelector/index.tsx">
        <metrics statements="12" coveredstatements="0" conditionals="4" coveredconditionals="0" methods="4" coveredmethods="0"/>
        <line num="3" count="0" type="stmt"/>
        <line num="41" count="0" type="stmt"/>
        <line num="42" count="0" type="cond" truecount="0" falsecount="2"/>
        <line num="44" count="0" type="stmt"/>
        <line num="45" count="0" type="stmt"/>
        <line num="46" count="0" type="cond" truecount="0" falsecount="2"/>
        <line num="47" count="0" type="stmt"/>
        <line num="49" count="0" type="stmt"/>
        <line num="52" count="0" type="stmt"/>
        <line num="53" count="0" type="stmt"/>
        <line num="57" count="0" type="stmt"/>
        <line num="60" count="0" type="stmt"/>
      </file>
    </package>
    <package name="src.utils.getRollValue">
      <metrics statements="34" coveredstatements="34" conditionals="18" coveredconditionals="16" methods="9" coveredmethods="9"/>
      <file name="index.ts" path="/Users/tiagoschmidt/git/dice-roller/src/utils/getRollValue/index.ts">
        <metrics statements="34" coveredstatements="34" conditionals="18" coveredconditionals="16" methods="9" coveredmethods="9"/>
        <line num="4" count="1" type="stmt"/>
        <line num="5" count="1" type="stmt"/>
        <line num="6" count="1" type="stmt"/>
        <line num="7" count="1" type="stmt"/>
        <line num="8" count="1" type="stmt"/>
        <line num="9" count="1" type="stmt"/>
        <line num="11" count="3" type="cond" truecount="2" falsecount="0"/>
        <line num="13" count="143" type="stmt"/>
        <line num="15" count="1" type="stmt"/>
        <line num="16" count="59" type="stmt"/>
        <line num="17" count="59" type="stmt"/>
        <line num="19" count="59" type="cond" truecount="2" falsecount="0"/>
        <line num="20" count="2" type="stmt"/>
        <line num="28" count="57" type="cond" truecount="2" falsecount="0"/>
        <line num="29" count="57" type="stmt"/>
        <line num="32" count="57" type="stmt"/>
        <line num="33" count="57" type="cond" truecount="2" falsecount="0"/>
        <line num="34" count="13" type="stmt"/>
        <line num="37" count="57" type="stmt"/>
        <line num="40" count="77" type="stmt"/>
        <line num="41" count="57" type="cond" truecount="2" falsecount="0"/>
        <line num="42" count="55" type="stmt"/>
        <line num="44" count="55" type="stmt"/>
        <line num="45" count="77" type="cond" truecount="1" falsecount="1"/>
        <line num="46" count="77" type="cond" truecount="2" falsecount="0"/>
        <line num="47" count="143" type="stmt"/>
        <line num="48" count="77" type="stmt"/>
        <line num="51" count="55" type="stmt"/>
        <line num="52" count="143" type="cond" truecount="1" falsecount="1"/>
        <line num="53" count="143" type="stmt"/>
        <line num="54" count="143" type="stmt"/>
        <line num="55" count="143" type="stmt"/>
        <line num="61" count="143" type="cond" truecount="2" falsecount="0"/>
        <line num="65" count="57" type="stmt"/>
      </file>
    </package>
  </project>
</coverage>
