{"/Users/tiagoschmidt/git/dice-roller/src/App.tsx": {"path":"/Users/tiagoschmidt/git/dice-roller/src/App.tsx","statementMap":{"0":{"start":{"line":5,"column":2},"end":{"line":11,"column":null}}},"fnMap":{"0":{"name":"App","decl":{"start":{"line":4,"column":9},"end":{"line":4,"column":15}},"loc":{"start":{"line":4,"column":15},"end":{"line":13,"column":null}}}},"branchMap":{},"s":{"0":0},"f":{"0":0},"b":{}}
,"/Users/tiagoschmidt/git/dice-roller/src/main.tsx": {"path":"/Users/tiagoschmidt/git/dice-roller/src/main.tsx","statementMap":{"0":{"start":{"line":5,"column":0},"end":{"line":9,"column":null}}},"fnMap":{},"branchMap":{},"s":{"0":0},"f":{},"b":{}}
,"/Users/tiagoschmidt/git/dice-roller/src/components/ThemeSelector/index.tsx": {"path":"/Users/tiagoschmidt/git/dice-roller/src/components/ThemeSelector/index.tsx","statementMap":{"0":{"start":{"line":3,"column":15},"end":{"line":39,"column":null}},"1":{"start":{"line":41,"column":22},"end":{"line":66,"column":null}},"2":{"start":{"line":42,"column":28},"end":{"line":42,"column":null}},"3":{"start":{"line":44,"column":2},"end":{"line":50,"column":null}},"4":{"start":{"line":45,"column":16},"end":{"line":45,"column":null}},"5":{"start":{"line":46,"column":4},"end":{"line":48,"column":null}},"6":{"start":{"line":47,"column":6},"end":{"line":47,"column":null}},"7":{"start":{"line":49,"column":4},"end":{"line":49,"column":null}},"8":{"start":{"line":52,"column":19},"end":{"line":55,"column":null}},"9":{"start":{"line":53,"column":43},"end":{"line":53,"column":null}},"10":{"start":{"line":57,"column":2},"end":{"line":64,"column":null}},"11":{"start":{"line":60,"column":8},"end":{"line":62,"column":null}}},"fnMap":{"0":{"name":"(anonymous_0)","decl":{"start":{"line":41,"column":22},"end":{"line":41,"column":28}},"loc":{"start":{"line":41,"column":28},"end":{"line":66,"column":null}}},"1":{"name":"(anonymous_1)","decl":{"start":{"line":44,"column":12},"end":{"line":44,"column":18}},"loc":{"start":{"line":44,"column":18},"end":{"line":50,"column":5}}},"2":{"name":"(anonymous_2)","decl":{"start":{"line":53,"column":4},"end":{"line":53,"column":5}},"loc":{"start":{"line":53,"column":43},"end":{"line":53,"column":null}}},"3":{"name":"(anonymous_3)","decl":{"start":{"line":59,"column":18},"end":{"line":59,"column":null}},"loc":{"start":{"line":60,"column":8},"end":{"line":62,"column":null}}}},"branchMap":{"0":{"loc":{"start":{"line":42,"column":37},"end":{"line":42,"column":79}},"type":"binary-expr","locations":[{"start":{"line":42,"column":37},"end":{"line":42,"column":70}},{"start":{"line":42,"column":70},"end":{"line":42,"column":79}}]},"1":{"loc":{"start":{"line":46,"column":4},"end":{"line":48,"column":null}},"type":"if","locations":[{"start":{"line":46,"column":4},"end":{"line":48,"column":null}},{"start":{},"end":{}}]}},"s":{"0":0,"1":0,"2":0,"3":0,"4":0,"5":0,"6":0,"7":0,"8":0,"9":0,"10":0,"11":0},"f":{"0":0,"1":0,"2":0,"3":0},"b":{"0":[0,0],"1":[0,0]}}
,"/Users/tiagoschmidt/git/dice-roller/src/utils/getRollValue/index.ts": {"path":"/Users/tiagoschmidt/git/dice-roller/src/utils/getRollValue/index.ts","statementMap":{"0":{"start":{"line":4,"column":27},"end":{"line":4,"column":null}},"1":{"start":{"line":5,"column":23},"end":{"line":5,"column":null}},"2":{"start":{"line":6,"column":18},"end":{"line":6,"column":null}},"3":{"start":{"line":7,"column":23},"end":{"line":7,"column":null}},"4":{"start":{"line":8,"column":27},"end":{"line":8,"column":null}},"5":{"start":{"line":9,"column":26},"end":{"line":9,"column":null}},"6":{"start":{"line":11,"column":29},"end":{"line":11,"column":null}},"7":{"start":{"line":11,"column":48},"end":{"line":11,"column":null}},"8":{"start":{"line":13,"column":33},"end":{"line":13,"column":null}},"9":{"start":{"line":13,"column":44},"end":{"line":13,"column":null}},"10":{"start":{"line":15,"column":41},"end":{"line":70,"column":null}},"11":{"start":{"line":16,"column":15},"end":{"line":16,"column":null}},"12":{"start":{"line":17,"column":38},"end":{"line":17,"column":null}},"13":{"start":{"line":19,"column":2},"end":{"line":25,"column":null}},"14":{"start":{"line":20,"column":4},"end":{"line":24,"column":null}},"15":{"start":{"line":28,"column":21},"end":{"line":28,"column":null}},"16":{"start":{"line":29,"column":2},"end":{"line":29,"column":null}},"17":{"start":{"line":32,"column":24},"end":{"line":32,"column":null}},"18":{"start":{"line":32,"column":71},"end":{"line":32,"column":87}},"19":{"start":{"line":33,"column":2},"end":{"line":35,"column":3}},"20":{"start":{"line":34,"column":4},"end":{"line":34,"column":null}},"21":{"start":{"line":34,"column":39},"end":{"line":34,"column":57}},"22":{"start":{"line":37,"column":20},"end":{"line":37,"column":null}},"23":{"start":{"line":40,"column":18},"end":{"line":40,"column":null}},"24":{"start":{"line":40,"column":69},"end":{"line":40,"column":75}},"25":{"start":{"line":41,"column":2},"end":{"line":63,"column":null}},"26":{"start":{"line":42,"column":30},"end":{"line":42,"column":null}},"27":{"start":{"line":44,"column":4},"end":{"line":49,"column":null}},"28":{"start":{"line":45,"column":19},"end":{"line":45,"column":null}},"29":{"start":{"line":46,"column":24},"end":{"line":46,"column":null}},"30":{"start":{"line":47,"column":27},"end":{"line":47,"column":null}},"31":{"start":{"line":47,"column":73},"end":{"line":47,"column":77}},"32":{"start":{"line":48,"column":6},"end":{"line":48,"column":null}},"33":{"start":{"line":51,"column":4},"end":{"line":62,"column":null}},"34":{"start":{"line":52,"column":24},"end":{"line":52,"column":null}},"35":{"start":{"line":53,"column":26},"end":{"line":53,"column":null}},"36":{"start":{"line":54,"column":25},"end":{"line":54,"column":null}},"37":{"start":{"line":55,"column":6},"end":{"line":60,"column":null}},"38":{"start":{"line":61,"column":6},"end":{"line":61,"column":null}},"39":{"start":{"line":65,"column":2},"end":{"line":69,"column":null}}},"fnMap":{"0":{"name":"(anonymous_0)","decl":{"start":{"line":11,"column":29},"end":{"line":11,"column":30}},"loc":{"start":{"line":11,"column":48},"end":{"line":11,"column":null}}},"1":{"name":"(anonymous_1)","decl":{"start":{"line":13,"column":33},"end":{"line":13,"column":34}},"loc":{"start":{"line":13,"column":44},"end":{"line":13,"column":null}}},"2":{"name":"(anonymous_2)","decl":{"start":{"line":15,"column":41},"end":{"line":15,"column":42}},"loc":{"start":{"line":15,"column":52},"end":{"line":70,"column":null}}},"3":{"name":"(anonymous_3)","decl":{"start":{"line":32,"column":64},"end":{"line":32,"column":71}},"loc":{"start":{"line":32,"column":71},"end":{"line":32,"column":87}}},"4":{"name":"(anonymous_4)","decl":{"start":{"line":34,"column":27},"end":{"line":34,"column":39}},"loc":{"start":{"line":34,"column":39},"end":{"line":34,"column":57}}},"5":{"name":"(anonymous_5)","decl":{"start":{"line":40,"column":62},"end":{"line":40,"column":69}},"loc":{"start":{"line":40,"column":69},"end":{"line":40,"column":75}}},"6":{"name":"(anonymous_6)","decl":{"start":{"line":44,"column":21},"end":{"line":44,"column":28}},"loc":{"start":{"line":44,"column":28},"end":{"line":49,"column":5}}},"7":{"name":"(anonymous_7)","decl":{"start":{"line":47,"column":67},"end":{"line":47,"column":73}},"loc":{"start":{"line":47,"column":73},"end":{"line":47,"column":77}}},"8":{"name":"(anonymous_8)","decl":{"start":{"line":51,"column":23},"end":{"line":51,"column":30}},"loc":{"start":{"line":51,"column":30},"end":{"line":62,"column":5}}}},"branchMap":{"0":{"loc":{"start":{"line":11,"column":48},"end":{"line":11,"column":null}},"type":"binary-expr","locations":[{"start":{"line":11,"column":48},"end":{"line":11,"column":73}},{"start":{"line":11,"column":73},"end":{"line":11,"column":null}}]},"1":{"loc":{"start":{"line":19,"column":2},"end":{"line":25,"column":null}},"type":"if","locations":[{"start":{"line":19,"column":2},"end":{"line":25,"column":null}},{"start":{},"end":{}}]},"2":{"loc":{"start":{"line":28,"column":32},"end":{"line":28,"column":75}},"type":"binary-expr","locations":[{"start":{"line":28,"column":32},"end":{"line":28,"column":72}},{"start":{"line":28,"column":72},"end":{"line":28,"column":75}}]},"3":{"loc":{"start":{"line":33,"column":2},"end":{"line":35,"column":3}},"type":"if","locations":[{"start":{"line":33,"column":2},"end":{"line":35,"column":3}},{"start":{},"end":{}}]},"4":{"loc":{"start":{"line":41,"column":2},"end":{"line":63,"column":null}},"type":"if","locations":[{"start":{"line":41,"column":2},"end":{"line":63,"column":null}},{"start":{},"end":{}}]},"5":{"loc":{"start":{"line":45,"column":19},"end":{"line":45,"column":null}},"type":"binary-expr","locations":[{"start":{"line":45,"column":19},"end":{"line":45,"column":48}},{"start":{"line":45,"column":48},"end":{"line":45,"column":null}}]},"6":{"loc":{"start":{"line":46,"column":24},"end":{"line":46,"column":null}},"type":"binary-expr","locations":[{"start":{"line":46,"column":24},"end":{"line":46,"column":61}},{"start":{"line":46,"column":61},"end":{"line":46,"column":null}}]},"7":{"loc":{"start":{"line":52,"column":35},"end":{"line":52,"column":96}},"type":"binary-expr","locations":[{"start":{"line":52,"column":35},"end":{"line":52,"column":92}},{"start":{"line":52,"column":92},"end":{"line":52,"column":96}}]},"8":{"loc":{"start":{"line":61,"column":31},"end":{"line":61,"column":null}},"type":"cond-expr","locations":[{"start":{"line":61,"column":44},"end":{"line":61,"column":49}},{"start":{"line":61,"column":49},"end":{"line":61,"column":null}}]}},"s":{"0":1,"1":1,"2":1,"3":1,"4":1,"5":1,"6":1,"7":3,"8":1,"9":143,"10":1,"11":59,"12":59,"13":59,"14":2,"15":57,"16":57,"17":57,"18":13,"19":57,"20":13,"21":13,"22":57,"23":57,"24":77,"25":57,"26":55,"27":55,"28":77,"29":77,"30":77,"31":143,"32":77,"33":55,"34":143,"35":143,"36":143,"37":143,"38":143,"39":57},"f":{"0":3,"1":143,"2":59,"3":13,"4":13,"5":77,"6":77,"7":143,"8":143},"b":{"0":[3,2],"1":[2,57],"2":[57,55],"3":[13,44],"4":[55,2],"5":[77,0],"6":[77,33],"7":[143,0],"8":[11,132]}}
}
